<?xml version="1.0" encoding="UTF-8"?>
<testsuite xmlns:xsi="http://www.w3.org/2001/XMLSchema-instance" xsi:noNamespaceSchemaLocation="https://maven.apache.org/surefire/maven-surefire-plugin/xsd/surefire-test-report-3.0.xsd" version="3.0" name="org.example.bloodwave.BloodWaveApplicationTests" time="20.778" tests="1" errors="0" skipped="0" failures="0">
  <properties>
[...]
</properties>
  <testcase name="contextLoads" classname="org.example.bloodwave.BloodWaveApplicationTests" time="1.283">
    <system-out><![CDATA[16:52:56.079 [main] INFO org.springframework.test.context.support.AnnotationConfigContextLoaderUtils -- Could not detect default configuration classes for test class [org.example.bloodwave.BloodWaveApplicationTests]: BloodWaveApplicationTests does not declare any static, non-private, non-final, nested classes annotated with @Configuration.
16:52:56.558 [main] INFO org.springframework.boot.test.context.SpringBootTestContextBootstrapper -- Found @SpringBootConfiguration org.example.bloodwave.BloodWaveApplication for test class org.example.bloodwave.BloodWaveApplicationTests

  .   ____          _            __ _ _
 /\\ / ___'_ __ _ _(_)_ __  __ _ \ \ \ \
( ( )\___ | '_ | '_| | '_ \/ _` | \ \ \ \
 \\/  ___)| |_)| | | | | || (_| |  ) ) ) )
  '  |____| .__|_| |_|_| |_\__, | / / / /
 =========|_|==============|___/=/_/_/_/
 :: Spring Boot ::                (v3.1.3)

2026-02-13T16:52:58.074+01:00  INFO 36968 --- [           main] o.e.bloodwave.BloodWaveApplicationTests  : Starting BloodWaveApplicationTests using Java 17.0.12 with PID 36968 (started by DEV in C:\Users\DEV\Desktop\BloodWave)
2026-02-13T16:52:58.080+01:00  INFO 36968 --- [           main] o.e.bloodwave.BloodWaveApplicationTests  : No active profile set, falling back to 1 default profile: "default"
2026-02-13T16:53:01.826+01:00  INFO 36968 --- [           main] .s.d.r.c.RepositoryConfigurationDelegate : Bootstrapping Spring Data JPA repositories in DEFAULT mode.
2026-02-13T16:53:02.222+01:00  INFO 36968 --- [           main] .s.d.r.c.RepositoryConfigurationDelegate : Finished Spring Data repository scanning in 346 ms. Found 11 JPA repository interfaces.
2026-02-13T16:53:03.655+01:00  INFO 36968 --- [           main] o.hibernate.jpa.internal.util.LogHelper  : HHH000204: Processing PersistenceUnitInfo [name: default]
2026-02-13T16:53:03.893+01:00  INFO 36968 --- [           main] org.hibernate.Version                    : HHH000412: Hibernate ORM core version 6.2.7.Final
2026-02-13T16:53:03.901+01:00  INFO 36968 --- [           main] org.hibernate.cfg.Environment            : HHH000406: Using bytecode reflection optimizer
2026-02-13T16:53:04.585+01:00  INFO 36968 --- [           main] o.h.b.i.BytecodeProviderInitiator        : HHH000021: Bytecode provider name : bytebuddy
2026-02-13T16:53:05.067+01:00  INFO 36968 --- [           main] o.s.o.j.p.SpringPersistenceUnitInfo      : No LoadTimeWeaver setup: ignoring JPA class transformer
2026-02-13T16:53:05.120+01:00  INFO 36968 --- [           main] com.zaxxer.hikari.HikariDataSource       : HikariPool-1 - Starting...
2026-02-13T16:53:05.873+01:00  INFO 36968 --- [           main] com.zaxxer.hikari.pool.HikariPool        : HikariPool-1 - Added connection org.postgresql.jdbc.PgConnection@3ceb8e1f
2026-02-13T16:53:05.880+01:00  INFO 36968 --- [           main] com.zaxxer.hikari.HikariDataSource       : HikariPool-1 - Start completed.
2026-02-13T16:53:07.431+01:00  INFO 36968 --- [           main] o.h.b.i.BytecodeProviderInitiator        : HHH000021: Bytecode provider name : bytebuddy
2026-02-13T16:53:10.251+01:00  INFO 36968 --- [           main] o.h.e.t.j.p.i.JtaPlatformInitiator       : HHH000490: Using JtaPlatform implementation: [org.hibernate.engine.transaction.jta.platform.internal.NoJtaPlatform]
2026-02-13T16:53:10.440+01:00 DEBUG 36968 --- [           main] org.hibernate.SQL                        : 
    create table admin (
        id bigint not null,
        primary key (id)
    )
2026-02-13T16:53:10.569+01:00 DEBUG 36968 --- [           main] org.hibernate.SQL                        : 
    create table collecte_sang (
        id bigserial not null,
        capacite_max integer,
        date_collecte date,
        lieu varchar(255),
        statut varchar(255) check (statut in ('PLANIFIEE','ANNULEE','TERMINEE')),
        hopital_id bigint,
        primary key (id)
    )
2026-02-13T16:53:10.619+01:00 DEBUG 36968 --- [           main] org.hibernate.SQL                        : 
    create table demande_sang (
        id bigserial not null,
        date_creation timestamp(6),
        groupe_sanguin varchar(255) check (groupe_sanguin in ('A_POS','A_NEG','B_POS','B_NEG','AB_POS','AB_NEG','O_POS','O_NEG')),
        quantite_demandee integer,
        statut varchar(255) check (statut in ('EN_ATTENTE','ACCEPTEE','REFUSEE')),
        urgence varchar(255) check (urgence in ('FAIBLE','MOYENNE','ELEVEE','CRITIQUE')),
        demandeur_id bigint,
        hopital_id bigint,
        primary key (id)
    )
2026-02-13T16:53:10.649+01:00 DEBUG 36968 --- [           main] org.hibernate.SQL                        : 
    create table demandeur (
        id bigint not null,
        primary key (id)
    )
2026-02-13T16:53:10.662+01:00 DEBUG 36968 --- [           main] org.hibernate.SQL                        : 
    create table demandeur_demande_sangs (
        demandeur_id bigint not null,
        demande_sangs_id bigint not null
    )
2026-02-13T16:53:10.670+01:00 DEBUG 36968 --- [           main] org.hibernate.SQL                        : 
    create table don (
        id bigserial not null,
        date_effective timestamp(6),
        date_prevue date,
        quantite float(53),
        statut varchar(255) check (statut in ('PLANIFIE','CONFIRME','ANNULE')),
        donneur_id bigint,
        hopital_id bigint,
        primary key (id)
    )
2026-02-13T16:53:10.686+01:00 DEBUG 36968 --- [           main] org.hibernate.SQL                        : 
    create table donneur (
        date_dernier_don date,
        disponible boolean,
        groupe_sanguin varchar(255) check (groupe_sanguin in ('A_POS','A_NEG','B_POS','B_NEG','AB_POS','AB_NEG','O_POS','O_NEG')),
        nombre_dons_totaux integer,
        id bigint not null,
        primary key (id)
    )
2026-02-13T16:53:10.701+01:00 DEBUG 36968 --- [           main] org.hibernate.SQL                        : 
    create table donneur_dons (
        donneur_id bigint not null,
        dons_id bigint not null
    )
2026-02-13T16:53:10.709+01:00 DEBUG 36968 --- [           main] org.hibernate.SQL                        : 
    create table hopital (
        capacite_stockage integer,
        nom_hopital varchar(255),
        ville varchar(255),
        id bigint not null,
        primary key (id)
    )
2026-02-13T16:53:10.727+01:00 DEBUG 36968 --- [           main] org.hibernate.SQL                        : 
    create table inscription_collecte (
        id bigserial not null,
        collecte_id bigint,
        donneur_id bigint,
        primary key (id)
    )
2026-02-13T16:53:10.744+01:00 DEBUG 36968 --- [           main] org.hibernate.SQL                        : 
    create table mouvement_stock (
        id bigserial not null,
        date timestamp(6),
        quantite integer,
        type varchar(255) check (type in ('ENTREE','SORTIE')),
        stock_sang_id bigint,
        primary key (id)
    )
2026-02-13T16:53:10.764+01:00 DEBUG 36968 --- [           main] org.hibernate.SQL                        : 
    create table notification (
        id bigserial not null,
        date_envoi timestamp(6),
        lue boolean,
        message varchar(255),
        titre varchar(255),
        utilisateur_id bigint,
        primary key (id)
    )
2026-02-13T16:53:10.783+01:00 DEBUG 36968 --- [           main] org.hibernate.SQL                        : 
    create table password_reset_token (
        id bigint not null,
        expiry_date timestamp(6),
        token varchar(255) not null,
        user_id bigint,
        primary key (id)
    )
2026-02-13T16:53:10.797+01:00 DEBUG 36968 --- [           main] org.hibernate.SQL                        : 
    create table refresh_token (
        id bigserial not null,
        email varchar(255) not null,
        expiry_date timestamp(6) with time zone not null,
        token varchar(255) not null,
        primary key (id)
    )
2026-02-13T16:53:10.822+01:00 DEBUG 36968 --- [           main] org.hibernate.SQL                        : 
    create table stock_sang (
        id bigserial not null,
        groupe_sanguin varchar(255) check (groupe_sanguin in ('A_POS','A_NEG','B_POS','B_NEG','AB_POS','AB_NEG','O_POS','O_NEG')),
        quantite_disponible integer,
        seuil_alerte integer,
        hopital_id bigint,
        primary key (id)
    )
2026-02-13T16:53:10.844+01:00 DEBUG 36968 --- [           main] org.hibernate.SQL                        : 
    create table unite_sang (
        id bigserial not null,
        date_expiration date,
        date_prelevement date,
        numero_unite varchar(255),
        statut varchar(255) check (statut in ('DISPONIBLE','UTILISEE','EXPIREE')),
        volume float(53),
        don_id bigint,
        stock_sang_id bigint,
        primary key (id)
    )
2026-02-13T16:53:10.878+01:00 DEBUG 36968 --- [           main] org.hibernate.SQL                        : 
    create table utilisateur (
        id bigserial not null,
        actif boolean,
        adresse varchar(255),
        date_creation timestamp(6),
        email varchar(255),
        mot_de_passe varchar(255),
        nom varchar(255),
        prenom varchar(255),
        role varchar(255) check (role in ('DONNEUR','DEMANDEUR','HOPITAL','ADMIN')),
        telephone varchar(255),
        primary key (id)
    )
2026-02-13T16:53:10.901+01:00 DEBUG 36968 --- [           main] org.hibernate.SQL                        : 
    alter table if exists demandeur_demande_sangs 
       drop constraint if exists UK_gbgbckiytqqv57aswy4hy5vqm
2026-02-13T16:53:10.922+01:00  WARN 36968 --- [           main] o.h.engine.jdbc.spi.SqlExceptionHelper   : SQL Warning Code: 0, SQLState: 00000
2026-02-13T16:53:10.922+01:00  WARN 36968 --- [           main] o.h.engine.jdbc.spi.SqlExceptionHelper   : constraint "uk_gbgbckiytqqv57aswy4hy5vqm" of relation "demandeur_demande_sangs" does not exist, skipping
2026-02-13T16:53:10.923+01:00 DEBUG 36968 --- [           main] org.hibernate.SQL                        : 
    alter table if exists demandeur_demande_sangs 
       add constraint UK_gbgbckiytqqv57aswy4hy5vqm unique (demande_sangs_id)
2026-02-13T16:53:10.932+01:00 DEBUG 36968 --- [           main] org.hibernate.SQL                        : 
    alter table if exists donneur_dons 
       drop constraint if exists UK_9tcsc604aivl6tx2xei1rdcyc
2026-02-13T16:53:10.939+01:00  WARN 36968 --- [           main] o.h.engine.jdbc.spi.SqlExceptionHelper   : SQL Warning Code: 0, SQLState: 00000
2026-02-13T16:53:10.940+01:00  WARN 36968 --- [           main] o.h.engine.jdbc.spi.SqlExceptionHelper   : constraint "uk_9tcsc604aivl6tx2xei1rdcyc" of relation "donneur_dons" does not exist, skipping
2026-02-13T16:53:10.940+01:00 DEBUG 36968 --- [           main] org.hibernate.SQL                        : 
    alter table if exists donneur_dons 
       add constraint UK_9tcsc604aivl6tx2xei1rdcyc unique (dons_id)
2026-02-13T16:53:10.950+01:00 DEBUG 36968 --- [           main] org.hibernate.SQL                        : 
    alter table if exists password_reset_token 
       drop constraint if exists UK_g0guo4k8krgpwuagos61oc06j
2026-02-13T16:53:10.956+01:00  WARN 36968 --- [           main] o.h.engine.jdbc.spi.SqlExceptionHelper   : SQL Warning Code: 0, SQLState: 00000
2026-02-13T16:53:10.957+01:00  WARN 36968 --- [           main] o.h.engine.jdbc.spi.SqlExceptionHelper   : constraint "uk_g0guo4k8krgpwuagos61oc06j" of relation "password_reset_token" does not exist, skipping
2026-02-13T16:53:10.957+01:00 DEBUG 36968 --- [           main] org.hibernate.SQL                        : 
    alter table if exists password_reset_token 
       add constraint UK_g0guo4k8krgpwuagos61oc06j unique (token)
2026-02-13T16:53:10.965+01:00 DEBUG 36968 --- [           main] org.hibernate.SQL                        : 
    alter table if exists password_reset_token 
       drop constraint if exists UK_f90ivichjaokvmovxpnlm5nin
2026-02-13T16:53:10.971+01:00  WARN 36968 --- [           main] o.h.engine.jdbc.spi.SqlExceptionHelper   : SQL Warning Code: 0, SQLState: 00000
2026-02-13T16:53:10.971+01:00  WARN 36968 --- [           main] o.h.engine.jdbc.spi.SqlExceptionHelper   : constraint "uk_f90ivichjaokvmovxpnlm5nin" of relation "password_reset_token" does not exist, skipping
2026-02-13T16:53:10.972+01:00 DEBUG 36968 --- [           main] org.hibernate.SQL                        : 
    alter table if exists password_reset_token 
       add constraint UK_f90ivichjaokvmovxpnlm5nin unique (user_id)
2026-02-13T16:53:10.979+01:00 DEBUG 36968 --- [           main] org.hibernate.SQL                        : 
    alter table if exists refresh_token 
       drop constraint if exists UK_r4k4edos30bx9neoq81mdvwph
2026-02-13T16:53:10.986+01:00  WARN 36968 --- [           main] o.h.engine.jdbc.spi.SqlExceptionHelper   : SQL Warning Code: 0, SQLState: 00000
2026-02-13T16:53:10.986+01:00  WARN 36968 --- [           main] o.h.engine.jdbc.spi.SqlExceptionHelper   : constraint "uk_r4k4edos30bx9neoq81mdvwph" of relation "refresh_token" does not exist, skipping
2026-02-13T16:53:10.987+01:00 DEBUG 36968 --- [           main] org.hibernate.SQL                        : 
    alter table if exists refresh_token 
       add constraint UK_r4k4edos30bx9neoq81mdvwph unique (token)
2026-02-13T16:53:11.003+01:00 DEBUG 36968 --- [           main] org.hibernate.SQL                        : 
    create sequence password_reset_token_seq start with 1 increment by 50
2026-02-13T16:53:11.013+01:00 DEBUG 36968 --- [           main] org.hibernate.SQL                        : 
    alter table if exists admin 
       add constraint FKgodqjbbtwk30kf3s0xuxklkr3 
       foreign key (id) 
       references utilisateur
2026-02-13T16:53:11.040+01:00 DEBUG 36968 --- [           main] org.hibernate.SQL                        : 
    alter table if exists collecte_sang 
       add constraint FKabcyom9leue8q2m8rfdap7hqv 
       foreign key (hopital_id) 
       references hopital
2026-02-13T16:53:11.048+01:00 DEBUG 36968 --- [           main] org.hibernate.SQL                        : 
    alter table if exists demande_sang 
       add constraint FKd65duoh45ue3uhiqjepypojas 
       foreign key (demandeur_id) 
       references demandeur
2026-02-13T16:53:11.058+01:00 DEBUG 36968 --- [           main] org.hibernate.SQL                        : 
    alter table if exists demande_sang 
       add constraint FK1ashai39pi0abhc3gsyln9jxw 
       foreign key (hopital_id) 
       references hopital
2026-02-13T16:53:11.079+01:00 DEBUG 36968 --- [           main] org.hibernate.SQL                        : 
    alter table if exists demandeur 
       add constraint FKeh44b6k5oj0695oqb898tjeq2 
       foreign key (id) 
       references utilisateur
2026-02-13T16:53:11.086+01:00 DEBUG 36968 --- [           main] org.hibernate.SQL                        : 
    alter table if exists demandeur_demande_sangs 
       add constraint FKa1rff8ix6t87egymvdygho532 
       foreign key (demande_sangs_id) 
       references demande_sang
2026-02-13T16:53:11.097+01:00 DEBUG 36968 --- [           main] org.hibernate.SQL                        : 
    alter table if exists demandeur_demande_sangs 
       add constraint FKk9a2vsal6ufoym2kqbqnyq01i 
       foreign key (demandeur_id) 
       references demandeur
2026-02-13T16:53:11.105+01:00 DEBUG 36968 --- [           main] org.hibernate.SQL                        : 
    alter table if exists don 
       add constraint FKgrbwijdsm8nmi7y45896hkjgu 
       foreign key (donneur_id) 
       references donneur
2026-02-13T16:53:11.116+01:00 DEBUG 36968 --- [           main] org.hibernate.SQL                        : 
    alter table if exists don 
       add constraint FKvxsufd3ehf3brk3txb2aj6e 
       foreign key (hopital_id) 
       references hopital
2026-02-13T16:53:11.124+01:00 DEBUG 36968 --- [           main] org.hibernate.SQL                        : 
    alter table if exists donneur 
       add constraint FKo32vhj0wtv1vbd1btdm2dl4c2 
       foreign key (id) 
       references utilisateur
2026-02-13T16:53:11.134+01:00 DEBUG 36968 --- [           main] org.hibernate.SQL                        : 
    alter table if exists donneur_dons 
       add constraint FKlop2ehvov7wht8fdith561144 
       foreign key (dons_id) 
       references don
2026-02-13T16:53:11.143+01:00 DEBUG 36968 --- [           main] org.hibernate.SQL                        : 
    alter table if exists donneur_dons 
       add constraint FKrrbku8s6j4ueog1ubw49xrjis 
       foreign key (donneur_id) 
       references donneur
2026-02-13T16:53:11.150+01:00 DEBUG 36968 --- [           main] org.hibernate.SQL                        : 
    alter table if exists hopital 
       add constraint FKj37a7ytmil6w07sad8pnhd7a6 
       foreign key (id) 
       references utilisateur
2026-02-13T16:53:11.160+01:00 DEBUG 36968 --- [           main] org.hibernate.SQL                        : 
    alter table if exists inscription_collecte 
       add constraint FK1astba73y74pyrojwyprqi0cq 
       foreign key (collecte_id) 
       references collecte_sang
2026-02-13T16:53:11.168+01:00 DEBUG 36968 --- [           main] org.hibernate.SQL                        : 
    alter table if exists inscription_collecte 
       add constraint FKif9heyun8y8neart9blqn2ces 
       foreign key (donneur_id) 
       references donneur
2026-02-13T16:53:11.175+01:00 DEBUG 36968 --- [           main] org.hibernate.SQL                        : 
    alter table if exists mouvement_stock 
       add constraint FKpcwecf272durwuyy7xrhufbg6 
       foreign key (stock_sang_id) 
       references stock_sang
2026-02-13T16:53:11.182+01:00 DEBUG 36968 --- [           main] org.hibernate.SQL                        : 
    alter table if exists notification 
       add constraint FK1e85ddpswdf3uq1oaklnjiucf 
       foreign key (utilisateur_id) 
       references utilisateur
2026-02-13T16:53:11.190+01:00 DEBUG 36968 --- [           main] org.hibernate.SQL                        : 
    alter table if exists password_reset_token 
       add constraint FK9oxvbsgtqdi3lw9jr1rkxww19 
       foreign key (user_id) 
       references utilisateur
2026-02-13T16:53:11.199+01:00 DEBUG 36968 --- [           main] org.hibernate.SQL                        : 
    alter table if exists stock_sang 
       add constraint FK6n8m7k4p4kxkwk7j9w293xhwh 
       foreign key (hopital_id) 
       references hopital
2026-02-13T16:53:11.206+01:00 DEBUG 36968 --- [           main] org.hibernate.SQL                        : 
    alter table if exists unite_sang 
       add constraint FKb4rwcayckbd0d0mfm4hkf1irs 
       foreign key (don_id) 
       references don
2026-02-13T16:53:11.213+01:00 DEBUG 36968 --- [           main] org.hibernate.SQL                        : 
    alter table if exists unite_sang 
       add constraint FKj6cgaujml2qpssmegiesnvkr1 
       foreign key (stock_sang_id) 
       references stock_sang
2026-02-13T16:53:11.228+01:00  INFO 36968 --- [           main] j.LocalContainerEntityManagerFactoryBean : Initialized JPA EntityManagerFactory for persistence unit 'default'
2026-02-13T16:53:12.999+01:00  WARN 36968 --- [           main] JpaBaseConfiguration$JpaWebConfiguration : spring.jpa.open-in-view is enabled by default. Therefore, database queries may be performed during view rendering. Explicitly configure spring.jpa.open-in-view to disable this warning
2026-02-13T16:53:13.883+01:00  INFO 36968 --- [           main] o.s.s.web.DefaultSecurityFilterChain     : Will secure any request with [org.springframework.security.web.session.DisableEncodeUrlFilter@32291d8e, org.springframework.security.web.context.request.async.WebAsyncManagerIntegrationFilter@2c072835, org.springframework.security.web.context.SecurityContextHolderFilter@78a47ca8, org.springframework.security.web.header.HeaderWriterFilter@195c7f61, org.springframework.web.filter.CorsFilter@521f1d77, org.springframework.security.web.authentication.logout.LogoutFilter@6e71c9dc, org.example.bloodwave.infrastructure.config.filters.JwtAuthenticationFilter@1006738a, org.springframework.security.web.savedrequest.RequestCacheAwareFilter@55c493b2, org.springframework.security.web.servletapi.SecurityContextHolderAwareRequestFilter@150dec7b, org.springframework.security.web.authentication.AnonymousAuthenticationFilter@42e60139, org.springframework.security.web.session.SessionManagementFilter@3179fa7c, org.springframework.security.web.access.ExceptionTranslationFilter@1a2867c5, org.springframework.security.web.access.intercept.AuthorizationFilter@45eb6b7d]
2026-02-13T16:53:14.884+01:00  INFO 36968 --- [           main] o.e.bloodwave.BloodWaveApplicationTests  : Started BloodWaveApplicationTests in 17.666 seconds (process running for 21.334)
]]></system-out>
  </testcase>
</testsuite>